#
# There is insufficient memory for the Java Runtime Environment to continue.
# Native memory allocation (malloc) failed to allocate 780336 bytes for Chunk::new
# Possible reasons:
#   The system is out of physical RAM or swap space
#   In 32 bit mode, the process size limit was hit
# Possible solutions:
#   Reduce memory load on the system
#   Increase physical memory or swap space
#   Check if swap backing store is full
#   Use 64 bit Java on a 64 bit OS
#   Decrease Java heap size (-Xmx/-Xms)
#   Decrease number of Java threads
#   Decrease Java thread stack sizes (-Xss)
#   Set larger code cache with -XX:ReservedCodeCacheSize=
# This output file may be truncated or incomplete.
#
#  Out of Memory Error (allocation.cpp:390), pid=20608, tid=0x0000000000002684
#
# JRE version: OpenJDK Runtime Environment (8.0_152-b06) (build 1.8.0_152-release-1136-b06)
# Java VM: OpenJDK 64-Bit Server VM (25.152-b06 mixed mode windows-amd64 compressed oops)
# Failed to write core dump. Minidumps are not enabled by default on client versions of Windows
#

---------------  T H R E A D  ---------------

Current thread (0x000000001855e800):  JavaThread "C2 CompilerThread2" daemon [_thread_in_native, id=9860, stack(0x0000000019c70000,0x0000000019d70000)]

Stack: [0x0000000019c70000,0x0000000019d70000]
[error occurred during error reporting (printing stack bounds), id 0xc0000005]

Native frames: (J=compiled Java code, j=interpreted, Vv=VM code, C=native code)


Current CompileTask:
C2:   4152 3392       4       java.lang.reflect.Method::toString (20 bytes)


---------------  P R O C E S S  ---------------

Java Threads: ( => current thread )
  0x000000001d7a3000 JavaThread "Memory manager" [_thread_blocked, id=6460, stack(0x0000000022a30000,0x0000000022b30000)]
  0x000000001d7a1800 JavaThread "Build operations Thread 12" [_thread_blocked, id=24536, stack(0x0000000022330000,0x0000000022430000)]
  0x000000001d7a3800 JavaThread "Build operations Thread 11" [_thread_blocked, id=8488, stack(0x0000000022230000,0x0000000022330000)]
  0x000000001d7a8000 JavaThread "Build operations Thread 10" [_thread_blocked, id=21908, stack(0x0000000022130000,0x0000000022230000)]
  0x000000001d7a0800 JavaThread "Build operations Thread 9" [_thread_blocked, id=8992, stack(0x0000000022030000,0x0000000022130000)]
  0x000000001ca77000 JavaThread "Build operations Thread 8" [_thread_blocked, id=22044, stack(0x0000000021f30000,0x0000000022030000)]
  0x000000001ca70800 JavaThread "Build operations Thread 7" [_thread_blocked, id=25160, stack(0x0000000021e30000,0x0000000021f30000)]
  0x000000001ca75800 JavaThread "Build operations Thread 6" [_thread_blocked, id=11956, stack(0x0000000021d30000,0x0000000021e30000)]
  0x000000001ca76800 JavaThread "Build operations Thread 5" [_thread_blocked, id=19152, stack(0x0000000021c30000,0x0000000021d30000)]
  0x000000001ca71000 JavaThread "Build operations Thread 4" [_thread_blocked, id=17616, stack(0x0000000021b30000,0x0000000021c30000)]
  0x000000001ca75000 JavaThread "Build operations Thread 3" [_thread_blocked, id=16096, stack(0x0000000021a30000,0x0000000021b30000)]
  0x000000001ca72000 JavaThread "Build operations Thread 2" [_thread_blocked, id=16168, stack(0x0000000021930000,0x0000000021a30000)]
  0x000000001ca74000 JavaThread "Build operations" [_thread_blocked, id=15312, stack(0x0000000021380000,0x0000000021480000)]
  0x000000001ca73800 JavaThread "Cache worker for Artifact transforms cache (C:\Users\silve\.gradle\caches\transforms-1)" [_thread_blocked, id=21880, stack(0x0000000021280000,0x0000000021380000)]
  0x000000001d038000 JavaThread "Cache worker for file hash cache (E:\AndroidStudio\Projects\HodooScale\HodooScale\.gradle\4.7\fileHashes)" [_thread_blocked, id=25612, stack(0x000000001da10000,0x000000001db10000)]
  0x000000001b37d000 JavaThread "File lock request listener" [_thread_in_native, id=12764, stack(0x000000001c940000,0x000000001ca40000)]
  0x000000001b428000 JavaThread "Cache worker for file hash cache (C:\Users\silve\.gradle\caches\4.7\fileHashes)" [_thread_blocked, id=12092, stack(0x000000001c840000,0x000000001c940000)]
  0x000000001b2f1800 JavaThread "Stdin handler" [_thread_blocked, id=17952, stack(0x000000001c540000,0x000000001c640000)]
  0x000000001b2f3800 JavaThread "Asynchronous log dispatcher for DefaultDaemonConnection: socket connection from /127.0.0.1:53442 to /127.0.0.1:53443" [_thread_blocked, id=12912, stack(0x000000001c440000,0x000000001c540000)]
  0x000000001b2ea000 JavaThread "Daemon worker" [_thread_in_Java, id=13820, stack(0x000000001c340000,0x000000001c440000)]
  0x000000001b2e7800 JavaThread "Cancel handler" [_thread_blocked, id=7760, stack(0x000000001c140000,0x000000001c240000)]
  0x000000001b2ba000 JavaThread "Handler for socket connection from /127.0.0.1:53442 to /127.0.0.1:53443" [_thread_in_native, id=8316, stack(0x000000001be40000,0x000000001bf40000)]
  0x000000001b2a9000 JavaThread "Daemon" [_thread_blocked, id=19600, stack(0x000000001bd40000,0x000000001be40000)]
  0x000000001b1da800 JavaThread "Daemon periodic checks" [_thread_blocked, id=10964, stack(0x000000001bc40000,0x000000001bd40000)]
  0x000000001b1d5000 JavaThread "Incoming local TCP Connector on port 53442" [_thread_in_native, id=24220, stack(0x000000001ba60000,0x000000001bb60000)]
  0x00000000185ee000 JavaThread "Service Thread" daemon [_thread_blocked, id=21672, stack(0x0000000019e70000,0x0000000019f70000)]
  0x000000001855f800 JavaThread "C1 CompilerThread3" daemon [_thread_in_native, id=9028, stack(0x0000000019d70000,0x0000000019e70000)]
=>0x000000001855e800 JavaThread "C2 CompilerThread2" daemon [_thread_in_native, id=9860, stack(0x0000000019c70000,0x0000000019d70000)]
  0x0000000018559800 JavaThread "C2 CompilerThread1" daemon [_thread_in_native, id=3288, stack(0x0000000019b70000,0x0000000019c70000)]
  0x0000000016e1e800 JavaThread "C2 CompilerThread0" daemon [_thread_in_native, id=24096, stack(0x0000000019a70000,0x0000000019b70000)]
  0x0000000018552800 JavaThread "Attach Listener" daemon [_thread_blocked, id=15440, stack(0x0000000019970000,0x0000000019a70000)]
  0x0000000018503000 JavaThread "Signal Dispatcher" daemon [_thread_blocked, id=17928, stack(0x0000000019870000,0x0000000019970000)]
  0x00000000184e3800 JavaThread "Finalizer" daemon [_thread_blocked, id=20524, stack(0x0000000019770000,0x0000000019870000)]
  0x0000000016e0b800 JavaThread "Reference Handler" daemon [_thread_blocked, id=26732, stack(0x0000000019670000,0x0000000019770000)]
  0x0000000002c4e000 JavaThread "main" [_thread_blocked, id=26136, stack(0x0000000002c50000,0x0000000002d50000)]

Other Threads:
  0x0000000016e04800 VMThread [stack: 0x0000000019570000,0x0000000019670000] [id=15588]
  0x00000000185ee800 WatcherThread [stack: 0x0000000019f70000,0x000000001a070000] [id=20224]

VM state:not at safepoint (normal execution)

VM Mutex/Monitor currently owned by a thread: None

Heap:
 PSYoungGen      total 143872K, used 46015K [0x00000000e0000000, 0x00000000e9c00000, 0x0000000100000000)
  eden space 131584K, 34% used [0x00000000e0000000,0x00000000e2ceff38,0x00000000e8080000)
  from space 12288K, 0% used [0x00000000e9000000,0x00000000e9000000,0x00000000e9c00000)
  to   space 9728K, 0% used [0x00000000e8080000,0x00000000e8080000,0x00000000e8a00000)
 ParOldGen       total 64512K, used 15085K [0x00000000a0000000, 0x00000000a3f00000, 0x00000000e0000000)
  object space 64512K, 23% used [0x00000000a0000000,0x00000000a0ebb5a0,0x00000000a3f00000)
 Metaspace       used 37140K, capacity 37904K, committed 38144K, reserved 1081344K
  class space    used 5096K, capacity 5348K, committed 5376K, reserved 1048576K

Card table byte_map: [0x0000000012210000,0x0000000012520000] byte_map_base: 0x0000000011d10000

Marking Bits: (ParMarkBitMap*) 0x00000000612f5aa0
 Begin Bits: [0x0000000013120000, 0x0000000014920000)
 End Bits:   [0x0000000014920000, 0x0000000016120000)

Polling page: 0x00000000009f0000

CodeCache: size=245760Kb used=12548Kb max_used=12548Kb free=233211Kb
 bounds [0x0000000002e50000, 0x0000000003aa0000, 0x0000000011e50000]
 total_blobs=4286 nmethods=3568 adapters=631
 compilation: enabled

Compilation events (10 events):
Event: 4.146 Thread 0x000000001855f800 3570       3       sun.reflect.generics.reflectiveObjects.WildcardTypeImpl::equals (52 bytes)
Event: 4.146 Thread 0x000000001855f800 nmethod 3570 0x0000000003a86bd0 code [0x0000000003a86da0, 0x0000000003a87478]
Event: 4.147 Thread 0x000000001855f800 3571       1       sun.reflect.generics.reflectiveObjects.GenericArrayTypeImpl::getGenericComponentType (5 bytes)
Event: 4.147 Thread 0x000000001855f800 nmethod 3571 0x0000000003a86910 code [0x0000000003a86a60, 0x0000000003a86b70]
Event: 4.148 Thread 0x000000001855f800 3572       3       java.util.regex.Pattern$1::isSatisfiedBy (13 bytes)
Event: 4.148 Thread 0x000000001855f800 nmethod 3572 0x0000000003a86410 code [0x0000000003a86580, 0x0000000003a86830]
Event: 4.148 Thread 0x000000001855f800 3573       3       java.util.regex.Pattern::access$200 (7 bytes)
Event: 4.148 Thread 0x000000001855f800 nmethod 3573 0x0000000003a85fd0 code [0x0000000003a86140, 0x0000000003a86370]
Event: 4.148 Thread 0x000000001855f800 3574       3       java.util.regex.Pattern::inRange (16 bytes)
Event: 4.148 Thread 0x000000001855f800 nmethod 3574 0x0000000003a85c50 code [0x0000000003a85da0, 0x0000000003a85f70]

GC Heap History (10 events):
Event: 2.176 GC heap before
{Heap before GC invocations=6 (full 1):
 PSYoungGen      total 71680K, used 5097K [0x00000000e0000000, 0x00000000e9600000, 0x0000000100000000)
  eden space 66560K, 0% used [0x00000000e0000000,0x00000000e0000000,0x00000000e4100000)
  from space 5120K, 99% used [0x00000000e4100000,0x00000000e45fa640,0x00000000e4600000)
  to   space 10240K, 0% used [0x00000000e8c00000,0x00000000e8c00000,0x00000000e9600000)
 ParOldGen       total 87552K, used 9093K [0x00000000a0000000, 0x00000000a5580000, 0x00000000e0000000)
  object space 87552K, 10% used [0x00000000a0000000,0x00000000a08e1468,0x00000000a5580000)
 Metaspace       used 20802K, capacity 21184K, committed 21248K, reserved 1067008K
  class space    used 2924K, capacity 3064K, committed 3072K, reserved 1048576K
Event: 2.227 GC heap after
Heap after GC invocations=6 (full 1):
 PSYoungGen      total 71680K, used 0K [0x00000000e0000000, 0x00000000e9600000, 0x0000000100000000)
  eden space 66560K, 0% used [0x00000000e0000000,0x00000000e0000000,0x00000000e4100000)
  from space 5120K, 0% used [0x00000000e4100000,0x00000000e4100000,0x00000000e4600000)
  to   space 10240K, 0% used [0x00000000e8c00000,0x00000000e8c00000,0x00000000e9600000)
 ParOldGen       total 64512K, used 8415K [0x00000000a0000000, 0x00000000a3f00000, 0x00000000e0000000)
  object space 64512K, 13% used [0x00000000a0000000,0x00000000a0837f48,0x00000000a3f00000)
 Metaspace       used 20802K, capacity 21184K, committed 21248K, reserved 1067008K
  class space    used 2924K, capacity 3064K, committed 3072K, reserved 1048576K
}
Event: 2.817 GC heap before
{Heap before GC invocations=7 (full 1):
 PSYoungGen      total 71680K, used 66560K [0x00000000e0000000, 0x00000000e9600000, 0x0000000100000000)
  eden space 66560K, 100% used [0x00000000e0000000,0x00000000e4100000,0x00000000e4100000)
  from space 5120K, 0% used [0x00000000e4100000,0x00000000e4100000,0x00000000e4600000)
  to   space 10240K, 0% used [0x00000000e8c00000,0x00000000e8c00000,0x00000000e9600000)
 ParOldGen       total 64512K, used 8415K [0x00000000a0000000, 0x00000000a3f00000, 0x00000000e0000000)
  object space 64512K, 13% used [0x00000000a0000000,0x00000000a0837f48,0x00000000a3f00000)
 Metaspace       used 26713K, capacity 27246K, committed 27392K, reserved 1073152K
  class space    used 3658K, capacity 3819K, committed 3840K, reserved 1048576K
Event: 2.823 GC heap after
Heap after GC invocations=7 (full 1):
 PSYoungGen      total 102912K, used 7317K [0x00000000e0000000, 0x00000000e9380000, 0x0000000100000000)
  eden space 95232K, 0% used [0x00000000e0000000,0x00000000e0000000,0x00000000e5d00000)
  from space 7680K, 95% used [0x00000000e8c00000,0x00000000e93256a8,0x00000000e9380000)
  to   space 9728K, 0% used [0x00000000e8080000,0x00000000e8080000,0x00000000e8a00000)
 ParOldGen       total 64512K, used 8423K [0x00000000a0000000, 0x00000000a3f00000, 0x00000000e0000000)
  object space 64512K, 13% used [0x00000000a0000000,0x00000000a0839f48,0x00000000a3f00000)
 Metaspace       used 26713K, capacity 27246K, committed 27392K, reserved 1073152K
  class space    used 3658K, capacity 3819K, committed 3840K, reserved 1048576K
}
Event: 3.701 GC heap before
{Heap before GC invocations=8 (full 1):
 PSYoungGen      total 102912K, used 102549K [0x00000000e0000000, 0x00000000e9380000, 0x0000000100000000)
  eden space 95232K, 100% used [0x00000000e0000000,0x00000000e5d00000,0x00000000e5d00000)
  from space 7680K, 95% used [0x00000000e8c00000,0x00000000e93256a8,0x00000000e9380000)
  to   space 9728K, 0% used [0x00000000e8080000,0x00000000e8080000,0x00000000e8a00000)
 ParOldGen       total 64512K, used 8423K [0x00000000a0000000, 0x00000000a3f00000, 0x00000000e0000000)
  object space 64512K, 13% used [0x00000000a0000000,0x00000000a0839f48,0x00000000a3f00000)
 Metaspace       used 33560K, capacity 34258K, committed 34432K, reserved 1079296K
  class space    used 4692K, capacity 4943K, committed 4992K, reserved 1048576K
Event: 3.714 GC heap after
Heap after GC invocations=8 (full 1):
 PSYoungGen      total 141312K, used 9700K [0x00000000e0000000, 0x00000000e9c00000, 0x0000000100000000)
  eden space 131584K, 0% used [0x00000000e0000000,0x00000000e0000000,0x00000000e8080000)
  from space 9728K, 99% used [0x00000000e8080000,0x00000000e89f9090,0x00000000e8a00000)
  to   space 12288K, 0% used [0x00000000e9000000,0x00000000e9000000,0x00000000e9c00000)
 ParOldGen       total 64512K, used 11116K [0x00000000a0000000, 0x00000000a3f00000, 0x00000000e0000000)
  object space 64512K, 17% used [0x00000000a0000000,0x00000000a0adb2a8,0x00000000a3f00000)
 Metaspace       used 33560K, capacity 34258K, committed 34432K, reserved 1079296K
  class space    used 4692K, capacity 4943K, committed 4992K, reserved 1048576K
}
Event: 3.786 GC heap before
{Heap before GC invocations=9 (full 1):
 PSYoungGen      total 141312K, used 18784K [0x00000000e0000000, 0x00000000e9c00000, 0x0000000100000000)
  eden space 131584K, 6% used [0x00000000e0000000,0x00000000e08df140,0x00000000e8080000)
  from space 9728K, 99% used [0x00000000e8080000,0x00000000e89f9090,0x00000000e8a00000)
  to   space 12288K, 0% used [0x00000000e9000000,0x00000000e9000000,0x00000000e9c00000)
 ParOldGen       total 64512K, used 11116K [0x00000000a0000000, 0x00000000a3f00000, 0x00000000e0000000)
  object space 64512K, 17% used [0x00000000a0000000,0x00000000a0adb2a8,0x00000000a3f00000)
 Metaspace       used 34585K, capacity 35250K, committed 35416K, reserved 1079296K
  class space    used 4804K, capacity 5039K, committed 5120K, reserved 1048576K
Event: 3.793 GC heap after
Heap after GC invocations=9 (full 1):
 PSYoungGen      total 143872K, used 8544K [0x00000000e0000000, 0x00000000e9c00000, 0x0000000100000000)
  eden space 131584K, 0% used [0x00000000e0000000,0x00000000e0000000,0x00000000e8080000)
  from space 12288K, 69% used [0x00000000e9000000,0x00000000e9858218,0x00000000e9c00000)
  to   space 9728K, 0% used [0x00000000e8080000,0x00000000e8080000,0x00000000e8a00000)
 ParOldGen       total 64512K, used 11116K [0x00000000a0000000, 0x00000000a3f00000, 0x00000000e0000000)
  object space 64512K, 17% used [0x00000000a0000000,0x00000000a0adb2a8,0x00000000a3f00000)
 Metaspace       used 34585K, capacity 35250K, committed 35416K, reserved 1079296K
  class space    used 4804K, capacity 5039K, committed 5120K, reserved 1048576K
}
Event: 3.793 GC heap before
{Heap before GC invocations=10 (full 2):
 PSYoungGen      total 143872K, used 8544K [0x00000000e0000000, 0x00000000e9c00000, 0x0000000100000000)
  eden space 131584K, 0% used [0x00000000e0000000,0x00000000e0000000,0x00000000e8080000)
  from space 12288K, 69% used [0x00000000e9000000,0x00000000e9858218,0x00000000e9c00000)
  to   space 9728K, 0% used [0x00000000e8080000,0x00000000e8080000,0x00000000e8a00000)
 ParOldGen       total 64512K, used 11116K [0x00000000a0000000, 0x00000000a3f00000, 0x00000000e0000000)
  object space 64512K, 17% used [0x00000000a0000000,0x00000000a0adb2a8,0x00000000a3f00000)
 Metaspace       used 34585K, capacity 35250K, committed 35416K, reserved 1079296K
  class space    used 4804K, capacity 5039K, committed 5120K, reserved 1048576K
Event: 3.842 GC heap after
Heap after GC invocations=10 (full 2):
 PSYoungGen      total 143872K, used 0K [0x00000000e0000000, 0x00000000e9c00000, 0x0000000100000000)
  eden space 131584K, 0% used [0x00000000e0000000,0x00000000e0000000,0x00000000e8080000)
  from space 12288K, 0% used [0x00000000e9000000,0x00000000e9000000,0x00000000e9c00000)
  to   space 9728K, 0% used [0x00000000e8080000,0x00000000e8080000,0x00000000e8a00000)
 ParOldGen       total 64512K, used 15085K [0x00000000a0000000, 0x00000000a3f00000, 0x00000000e0000000)
  object space 64512K, 23% used [0x00000000a0000000,0x00000000a0ebb5a0,0x00000000a3f00000)
 Metaspace       used 34585K, capacity 35250K, committed 35416K, reserved 1079296K
  class space    used 4804K, capacity 5039K, committed 5120K, reserved 1048576K
}

Deoptimization events (10 events):
Event: 3.401 Thread 0x000000001b2ea000 Uncommon trap: reason=range_check action=make_not_entrant pc=0x00000000037391f4 method=java.lang.String.charAt(I)C @ 27
Event: 3.529 Thread 0x000000001b2ea000 Uncommon trap: reason=class_check action=maybe_recompile pc=0x0000000003731678 method=java.io.BufferedInputStream.read1([BII)I @ 39
Event: 3.529 Thread 0x000000001b2ea000 Uncommon trap: reason=class_check action=maybe_recompile pc=0x0000000003731678 method=java.io.BufferedInputStream.read1([BII)I @ 39
Event: 3.529 Thread 0x000000001b2ea000 Uncommon trap: reason=class_check action=maybe_recompile pc=0x0000000003731678 method=java.io.BufferedInputStream.read1([BII)I @ 39
Event: 3.601 Thread 0x000000001b2ea000 Uncommon trap: reason=predicate action=maybe_recompile pc=0x0000000003858288 method=java.util.Arrays.binarySearch0([Ljava/lang/Object;IILjava/lang/Object;Ljava/util/Comparator;)I @ 28
Event: 3.717 Thread 0x00000000184e3800 Uncommon trap: reason=unstable_if action=reinterpret pc=0x000000000331ed14 method=java.util.WeakHashMap.expungeStaleEntries()V @ 9
Event: 4.042 Thread 0x000000001b2ea000 Uncommon trap: reason=unstable_if action=reinterpret pc=0x00000000036a9c44 method=java.util.HashMap.putVal(ILjava/lang/Object;Ljava/lang/Object;ZZ)Ljava/lang/Object; @ 162
Event: 4.042 Thread 0x000000001b2ea000 Uncommon trap: reason=unstable_if action=reinterpret pc=0x00000000030ff9bc method=java.util.HashMap.resize()[Ljava/util/HashMap$Node; @ 206
Event: 4.106 Thread 0x000000001b2ea000 Uncommon trap: reason=unstable_if action=reinterpret pc=0x0000000003a0e828 method=java.lang.reflect.Modifier.toString(I)Ljava/lang/String; @ 123
Event: 4.106 Thread 0x000000001b2ea000 Uncommon trap: reason=unstable_if action=reinterpret pc=0x0000000003a09258 method=java.lang.reflect.Modifier.toString(I)Ljava/lang/String; @ 123

Classes redefined (0 events):
No events

Internal exceptions (10 events):
Event: 3.434 Thread 0x000000001b2ea000 Exception <a 'java/lang/ClassNotFoundException': org/gradle/api/internal/AbstractTaskCustomizer> (0x00000000e4db4b60) thrown at [D:\src\AOSP-openjdk-cygwin\jdk8u\hotspot\src\share\vm\classfile\systemDictionary.cpp, line 210]
Event: 3.436 Thread 0x000000001b2ea000 Exception <a 'java/lang/ClassNotFoundException': org/gradle/api/DefaultTaskCustomizer> (0x00000000e4e40068) thrown at [D:\src\AOSP-openjdk-cygwin\jdk8u\hotspot\src\share\vm\classfile\systemDictionary.cpp, line 210]
Event: 3.437 Thread 0x000000001b2ea000 Exception <a 'java/lang/ClassNotFoundException': org/gradle/api/internal/ConventionTaskCustomizer> (0x00000000e4e7d820) thrown at [D:\src\AOSP-openjdk-cygwin\jdk8u\hotspot\src\share\vm\classfile\systemDictionary.cpp, line 210]
Event: 3.438 Thread 0x000000001b2ea000 Exception <a 'java/lang/ClassNotFoundException': org/gradle/api/tasks/DeleteCustomizer> (0x00000000e4eb84c0) thrown at [D:\src\AOSP-openjdk-cygwin\jdk8u\hotspot\src\share\vm\classfile\systemDictionary.cpp, line 210]
Event: 3.439 Thread 0x000000001b2ea000 Exception <a 'java/lang/ClassNotFoundException': org/gradle/api/tasks/Delete_DecoratedCustomizer> (0x00000000e4f01750) thrown at [D:\src\AOSP-openjdk-cygwin\jdk8u\hotspot\src\share\vm\classfile\systemDictionary.cpp, line 210]
Event: 3.463 Thread 0x000000001b2ea000 Exception <a 'java/lang/ClassNotFoundException': build_cmlpadw5myk7vgz4kg13ngs3zBeanInfo> (0x00000000e5025210) thrown at [D:\src\AOSP-openjdk-cygwin\jdk8u\hotspot\src\share\vm\classfile\systemDictionary.cpp, line 210]
Event: 3.463 Thread 0x000000001b2ea000 Exception <a 'java/lang/ClassNotFoundException': build_cmlpadw5myk7vgz4kg13ngs3zCustomizer> (0x00000000e502fd68) thrown at [D:\src\AOSP-openjdk-cygwin\jdk8u\hotspot\src\share\vm\classfile\systemDictionary.cpp, line 210]
Event: 3.467 Thread 0x000000001b2ea000 Exception <a 'java/lang/ClassNotFoundException': org/gradle/api/internal/plugins/DefaultObjectConfigurationActionBeanInfo> (0x00000000e509a0e8) thrown at [D:\src\AOSP-openjdk-cygwin\jdk8u\hotspot\src\share\vm\classfile\systemDictionary.cpp, line 210]
Event: 3.467 Thread 0x000000001b2ea000 Exception <a 'java/lang/ClassNotFoundException': org/gradle/api/internal/plugins/DefaultObjectConfigurationActionCustomizer> (0x00000000e50d62c0) thrown at [D:\src\AOSP-openjdk-cygwin\jdk8u\hotspot\src\share\vm\classfile\systemDictionary.cpp, line 210]
Event: 3.941 Thread 0x000000001b2ea000 Exception <a 'sun/nio/fs/WindowsException'> (0x00000000e07ec898) thrown at [D:\src\AOSP-openjdk-cygwin\jdk8u\hotspot\src\share\vm\prims\jni.cpp, line 709]

Events (10 events):
Event: 4.131 loading class org/apache/tools/ant/types/FilterSet$FiltersFile
Event: 4.131 loading class org/apache/tools/ant/types/FilterSet$FiltersFile done
Event: 4.132 loading class org/apache/tools/ant/types/Reference
Event: 4.132 loading class org/apache/tools/ant/types/Reference done
Event: 4.132 loading class org/apache/tools/ant/Location
Event: 4.132 loading class org/apache/tools/ant/Location done
Event: 4.137 loading class org/apache/tools/ant/input/InputRequest
Event: 4.137 loading class org/apache/tools/ant/input/InputRequest done
Event: 4.142 loading class org/apache/tools/ant/taskdefs/condition/Condition
Event: 4.142 loading class org/apache/tools/ant/taskdefs/condition/Condition done


Dynamic libraries:
0x00007ff7a8610000 - 0x00007ff7a8641000 	C:\Program Files\Android\Android Studio\jre\bin\java.exe
0x00007fff23480000 - 0x00007fff23661000 	C:\WINDOWS\SYSTEM32\ntdll.dll
0x00007fff22ff0000 - 0x00007fff230a2000 	C:\WINDOWS\System32\KERNEL32.DLL
0x00007fff1f850000 - 0x00007fff1fac3000 	C:\WINDOWS\System32\KERNELBASE.dll
0x00007fff22ca0000 - 0x00007fff22d41000 	C:\WINDOWS\System32\ADVAPI32.dll
0x00007fff22ed0000 - 0x00007fff22f6e000 	C:\WINDOWS\System32\msvcrt.dll
0x00007fff22430000 - 0x00007fff2248b000 	C:\WINDOWS\System32\sechost.dll
0x00007fff22840000 - 0x00007fff22964000 	C:\WINDOWS\System32\RPCRT4.dll
0x00007fff232c0000 - 0x00007fff23450000 	C:\WINDOWS\System32\USER32.dll
0x00007fff20380000 - 0x00007fff203a0000 	C:\WINDOWS\System32\win32u.dll
0x00007fff225a0000 - 0x00007fff225c8000 	C:\WINDOWS\System32\GDI32.dll
0x00007fff201e0000 - 0x00007fff20372000 	C:\WINDOWS\System32\gdi32full.dll
0x00007fff203a0000 - 0x00007fff2043f000 	C:\WINDOWS\System32\msvcp_win.dll
0x00007fff20570000 - 0x00007fff20668000 	C:\WINDOWS\System32\ucrtbase.dll
0x00007fff194e0000 - 0x00007fff19749000 	C:\WINDOWS\WinSxS\amd64_microsoft.windows.common-controls_6595b64144ccf1df_6.0.17134.648_none_fb45a0e93062a6d2\COMCTL32.dll
0x00007fff22970000 - 0x00007fff22c92000 	C:\WINDOWS\System32\combase.dll
0x00007fff20490000 - 0x00007fff2050a000 	C:\WINDOWS\System32\bcryptPrimitives.dll
0x00007fff20f40000 - 0x00007fff20f6d000 	C:\WINDOWS\System32\IMM32.DLL
0x0000000063370000 - 0x0000000063442000 	C:\Program Files\Android\Android Studio\jre\jre\bin\msvcr100.dll
0x0000000060b30000 - 0x0000000061371000 	C:\Program Files\Android\Android Studio\jre\jre\bin\verify.dll
0x00007fff23110000 - 0x00007fff23118000 	C:\Program Files\Android\Android Studio\jre\jre\bin\java.dll
0x00007fff1d080000 - 0x00007fff1d0a3000 	C:\WINDOWS\SYSTEM32\WINMM.dll
0x00007fff0ab50000 - 0x00007fff0ab59000 	C:\WINDOWS\System32\KERNEL32.DLL
0x00007fff1aa10000 - 0x00007fff1aa1a000 	C:\WINDOWS\System32\msvcrt.dll
0x00007fff20f70000 - 0x00007fff20fdc000 	C:\WINDOWS\System32\USER32.dll
0x00007fff1d050000 - 0x00007fff1d07a000 	C:\WINDOWS\System32\gdi32full.dll
0x00007fff20440000 - 0x00007fff20489000 	C:\WINDOWS\System32\ucrtbase.dll
0x00007fff127a0000 - 0x00007fff127af000 	C:\WINDOWS\System32\combase.dll
0x00007fff0f290000 - 0x00007fff0f2b9000 	C:\Program Files\Android\Android Studio\jre\jre\bin\java.dll
0x00007fff11fc0000 - 0x00007fff11fd6000 	C:\Program Files\Android\Android Studio\jre\jre\bin\msvcr100.dll
0x00007fff20fe0000 - 0x00007fff22420000 	C:\WINDOWS\System32\PSAPI.DLL0x00007fff209e0000 - 0x00007fff20a89000 	C:\WINDOWS\System32\shcore.dll
0x00007fff1fad0000 - 0x00007fff201dd000 	C:\WINDOWS\SYSTEM32\VERSION.dll
0x00007fff20ee0000 - 0x00007fff20f31000 	C:\WINDOWS\System32\shlwapi.dll
0x00007fff1f830000 - 0x00007fff1f841000 	C:\WINDOWS\System32\cfgmgr32.dll
0x00007fff1f7f0000 - 0x00007fff1f80f000 	C:\WINDOWS\System32\profapi.dll
0x00007fff1f7a0000 - 0x00007fff1f7ec000 	C:\WINDOWS\System32\powrprof.dll
0x00007fff1f790000 - 0x00007fff1f79a000 	C:\WINDOWS\System32\FLTLIB.DLL
0x00007fff094d0000 - 0x00007fff094ea000 	C:\WINDOWS\System32\KERNELBASE.dll
0x00007fff1f010000 - 0x00007fff1f076000 	C:\WINDOWS\System32\RPCRT4.dll
0x00007fff078d0000 - 0x00007fff078e1000 	C:\WINDOWS\System32\GDI32.dll
0x00007fff179b0000 - 0x00007fff179ce000 	C:\WINDOWS\System32\ucrtbase.dll
0x00007fff12740000 - 0x00007fff1274d000 	C:\WINDOWS\System32\bcryptPrimitives.dll
0x00007fff1f1c0000 - 0x00007fff1f1d7000 	C:\Program Files\Android\Android Studio\jre\jre\bin\msvcr100.dll
0x00007fff1ebf0000 - 0x00007fff1ec23000 	C:\WINDOWS\system32\rsaenh.dll
0x00007fff1f2f0000 - 0x00007fff1f315000 	C:\WINDOWS\SYSTEM32\bcrypt.dll
0x00007fff1f690000 - 0x00007fff1f6b8000 	C:\WINDOWS\SYSTEM32\USERENV.dll
0x00007fff1f1e0000 - 0x00007fff1f1eb000 	C:\WINDOWS\SYSTEM32\WINMMBASE.dll
0x00007fff1ed90000 - 0x00007fff1edc8000 	C:\Program Files\Android\Android Studio\jre\jre\bin\verify.dll
0x00007fff22420000 - 0x00007fff22428000 	C:\WINDOWS\System32\NSI.dll
0x00007fff19800000 - 0x00007fff19816000 	C:\WINDOWS\SYSTEM32\dhcpcsvc6.DLL
0x00007fff19da0000 - 0x00007fff19dba000 	C:\WINDOWS\SYSTEM32\dhcpcsvc.DLL

VM Arguments:
jvm_args: -Xmx1536m -Dfile.encoding=x-windows-949 -Duser.country=KR -Duser.language=ko -Duser.variant 
java_command: org.gradle.launcher.daemon.bootstrap.GradleDaemon 4.7
java_class_path (initial): C:\Users\silve\.gradle\wrapper\dists\gradle-4.7-all\4cret0dgl5o3b21weaoncl7ys\gradle-4.7\lib\gradle-launcher-4.7.jar
Launcher Type: SUN_STANDARD

Environment Variables:
JAVA_HOME=C:\Program Files\Java\jdk1.8.0_144
PATH=C:\Program Files (x86)\PC Connectivity Solution\;C:\ProgramData\Oracle\Java\javapath;C:\WINDOWS\system32;C:\WINDOWS;C:\WINDOWS\System32\Wbem;C:\WINDOWS\System32\WindowsPowerShell\v1.0\;C:\Program Files\MySQL\MySQL Utilities 1.6\;C:\Program Files\Java\jdk1.8.0_144bin;C:\Program Files\Git\cmd;C:\WINDOWS\System32\OpenSSH\;C:\Program Files\PuTTY\;C:\Program Files\Bandizip\;%USERPROFILE%\AppData\Local\Microsoft\WindowsApps;
USERNAME=silve
OS=Windows_NT
PROCESSOR_IDENTIFIER=AMD64 Family 23 Model 1 Stepping 1, AuthenticAMD



---------------  S Y S T E M  ---------------

OS: Windows 10.0 , 64 bit Build 17134 (10.0.17134.648)

CPU:total 12 (initial active 12) (12 cores per cpu, 1 threads per core) family 23 model 1 stepping 1, cmov, cx8, fxsr, mmx, sse, sse2, sse3, ssse3, sse4.1, sse4.2, popcnt, avx, avx2, aes, clmul, mmxext, 3dnowpref, lzcnt, sse4a, tsc, tscinvbit, tscinv, bmi1

Memory: 4k page, physical 8338704k(1470788k free), swap 23854908k(4500k free)

vm_info: OpenJDK 64-Bit Server VM (25.152-b06) for windows-amd64 JRE (1.8.0_152-release-1136-b06), built by "builder" with MS VC++ 10.0 (VS2010)

time: Thu Mar 28 15:23:29 2019
elapsed time: 4 seconds (0d 0h 0m 4s)

